55:
8 9 
67:
4 7 9 
54:
2 8 9 
56:
2 8 9 
58:
4 5 9 
39:
3 5 9 
75:
5 8 9 
76:
5 7 9 
3:
1 3 9 
64:
6 7 8 9 
1:
1 6 7 9 
32:
4 5 7 9 
0:
2 6 7 9 
30:
3 4 5 9 
27:
3 7 8 9 
4:
2 3 6 9 
60:
1 2 5 9 
36:
3 6 7 9 
48:
3 4 5 9 
66:
1 4 8 9 
18:
2 6 8 9 
16:
1 2 4 9 
5:
1 2 6 9 
69:
1 3 6 9 
73:
6 7 8 9 
7:
1 2 3 9 
77:
5 7 8 9 
44:
1 2 3 7 9 
51:
2 3 5 7 9 
43:
1 2 3 5 9 
52:
2 3 5 8 9 
53:
2 3 7 8 9 
45:
3 6 7 8 9 
80:
2 3 6 8 9 
57:
1 4 5 8 9 
59:
1 4 5 8 9 
62:
1 2 4 8 9 
63:
3 6 7 8 9 
65:
3 6 7 8 9 
68:
1 4 7 8 9 
70:
1 3 4 8 9 
78:
2 3 5 6 9 
79:
2 3 5 8 9 
33:
1 3 5 7 9 
19:
1 5 6 8 9 
15:
1 2 6 7 9 
13:
2 4 5 6 9 
24:
1 2 3 6 9 
25:
1 2 3 4 9 
12:
1 4 5 8 9 
31:
3 4 5 7 9 
34:
1 3 5 8 9 
35:
1 3 7 8 9 
37:
1 5 6 7 9 
9:
2 6 7 8 9 
2:
1 2 6 7 9 
41:
2 5 6 7 9 
42:
1 2 3 5 7 9 
74:
2 3 6 7 8 9 
10:
1 5 6 7 8 9 
72:
2 3 6 7 8 9 
71:
1 3 4 6 8 9 
8:
1 2 3 6 7 9 
6:
1 2 3 6 7 9 
17:
1 2 4 6 7 9 
20:
1 2 5 6 8 9 
21:
1 3 4 5 8 9 
22:
2 3 4 5 6 9 
61:
1 2 4 5 8 9 
26:
1 2 3 4 6 9 
28:
1 4 5 7 8 9 
29:
1 3 5 7 8 9 
50:
2 4 5 6 7 9 
38:
1 3 5 6 7 9 
47:
3 5 6 7 8 9 
46:
4 5 6 7 8 9 
40:
2 3 5 6 7 9 
23:
1 2 4 5 6 8 9 
14:
1 2 4 5 6 8 9 
11:
1 2 5 6 7 8 9 
49:
2 3 4 5 6 7 9 
417369825632158947958724316825437169791586432346912758289643571573291684164875293
