*********B*****J**J*B**B*
***B*B****BBB***B******B*
***B***B**BJ**********B*J
***B**B****JJ******B*****
*B***********B*****B***B*
***B******BJ******B*B*BB*
*J*B****B***B*********BB*
***JB*****B*****J*****J**
****J*******B*****BB*JJ**
**B********J***B**B******
************************B
**JB*****B*B****B********
****B*****J******BB*J****
****B*****JJB****B*B**JBB
***J**********BBB*BJ*****
B***B******J****J*BJ*JJB*
B*B**J**J****************
***J******B*******BJ**B**
****B***B*BB****JB***B***
B****B********B******BB**
*B*J*B***J*******J**JB*B*
B**B****B***B******J*****
BB*JBB***B****B*B****BJB*
BBBB**B**B*********BB**B*
*JB**B********B**BJ*****J
12 0 15 3 15 0 12 3
15 7 22 0 15 0 22 7
14 7 22 1 15 0 21 8
6 4 19 9 15 0 10 13
2 1 16 13 15 0 3 14
2 3 18 13 15 0 5 16
2 7 22 13 15 0 9 20
2 1 19 16 18 0 3 17
7 21 16 0 1 6 22 15
5 5 20 24 22 7 3 22
293
