Scenario #1:
slice #1:
0

Scenario #2:
slice #1:
...
.1.
...
slice #2:
.1.
101
.1.
slice #3:
...
.1.
...

Scenario #3:
slice #1:
.....
.....
..2..
.....
.....
slice #2:
.....
..2..
.212.
..2..
.....
slice #3:
..2..
.212.
21012
.212.
..2..
slice #4:
.....
..2..
.212.
..2..
.....
slice #5:
.....
.....
..2..
.....
.....

Scenario #4:
slice #1:
.......
.......
.......
...3...
.......
.......
.......
slice #2:
.......
.......
...3...
..323..
...3...
.......
.......
slice #3:
.......
...3...
..323..
.32123.
..323..
...3...
.......
slice #4:
...3...
..323..
.32123.
3210123
.32123.
..323..
...3...
slice #5:
.......
...3...
..323..
.32123.
..323..
...3...
.......
slice #6:
.......
.......
...3...
..323..
...3...
.......
.......
slice #7:
.......
.......
.......
...3...
.......
.......
.......

Scenario #5:
slice #1:
.........
.........
.........
.........
....4....
.........
.........
.........
.........
slice #2:
.........
.........
.........
....4....
...434...
....4....
.........
.........
.........
slice #3:
.........
.........
....4....
...434...
..43234..
...434...
....4....
.........
.........
slice #4:
.........
....4....
...434...
..43234..
.4321234.
..43234..
...434...
....4....
.........
slice #5:
....4....
...434...
..43234..
.4321234.
432101234
.4321234.
..43234..
...434...
....4....
slice #6:
.........
....4....
...434...
..43234..
.4321234.
..43234..
...434...
....4....
.........
slice #7:
.........
.........
....4....
...434...
..43234..
...434...
....4....
.........
.........
slice #8:
.........
.........
.........
....4....
...434...
....4....
.........
.........
.........
slice #9:
.........
.........
.........
.........
....4....
.........
.........
.........
.........

Scenario #6:
slice #1:
...........
...........
...........
...........
...........
.....5.....
...........
...........
...........
...........
...........
slice #2:
...........
...........
...........
...........
.....5.....
....545....
.....5.....
...........
...........
...........
...........
slice #3:
...........
...........
...........
.....5.....
....545....
...54345...
....545....
.....5.....
...........
...........
...........
slice #4:
...........
...........
.....5.....
....545....
...54345...
..5432345..
...54345...
....545....
.....5.....
...........
...........
slice #5:
...........
.....5.....
....545....
...54345...
..5432345..
.543212345.
..5432345..
...54345...
....545....
.....5.....
...........
slice #6:
.....5.....
....545....
...54345...
..5432345..
.543212345.
54321012345
.543212345.
..5432345..
...54345...
....545....
.....5.....
slice #7:
...........
.....5.....
....545....
...54345...
..5432345..
.543212345.
..5432345..
...54345...
....545....
.....5.....
...........
slice #8:
...........
...........
.....5.....
....545....
...54345...
..5432345..
...54345...
....545....
.....5.....
...........
...........
slice #9:
...........
...........
...........
.....5.....
....545....
...54345...
....545....
.....5.....
...........
...........
...........
slice #10:
...........
...........
...........
...........
.....5.....
....545....
.....5.....
...........
...........
...........
...........
slice #11:
...........
...........
...........
...........
...........
.....5.....
...........
...........
...........
...........
...........

Scenario #7:
slice #1:
.............
.............
.............
.............
.............
.............
......6......
.............
.............
.............
.............
.............
.............
slice #2:
.............
.............
.............
.............
.............
......6......
.....656.....
......6......
.............
.............
.............
.............
.............
slice #3:
.............
.............
.............
.............
......6......
.....656.....
....65456....
.....656.....
......6......
.............
.............
.............
.............
slice #4:
.............
.............
.............
......6......
.....656.....
....65456....
...6543456...
....65456....
.....656.....
......6......
.............
.............
.............
slice #5:
.............
.............
......6......
.....656.....
....65456....
...6543456...
..654323456..
...6543456...
....65456....
.....656.....
......6......
.............
.............
slice #6:
.............
......6......
.....656.....
....65456....
...6543456...
..654323456..
.65432123456.
..654323456..
...6543456...
....65456....
.....656.....
......6......
.............
slice #7:
......6......
.....656.....
....65456....
...6543456...
..654323456..
.65432123456.
6543210123456
.65432123456.
..654323456..
...6543456...
....65456....
.....656.....
......6......
slice #8:
.............
......6......
.....656.....
....65456....
...6543456...
..654323456..
.65432123456.
..654323456..
...6543456...
....65456....
.....656.....
......6......
.............
slice #9:
.............
.............
......6......
.....656.....
....65456....
...6543456...
..654323456..
...6543456...
....65456....
.....656.....
......6......
.............
.............
slice #10:
.............
.............
.............
......6......
.....656.....
....65456....
...6543456...
....65456....
.....656.....
......6......
.............
.............
.............
slice #11:
.............
.............
.............
.............
......6......
.....656.....
....65456....
.....656.....
......6......
.............
.............
.............
.............
slice #12:
.............
.............
.............
.............
.............
......6......
.....656.....
......6......
.............
.............
.............
.............
.............
slice #13:
.............
.............
.............
.............
.............
.............
......6......
.............
.............
.............
.............
.............
.............

Scenario #8:
slice #1:
...............
...............
...............
...............
...............
...............
...............
.......7.......
...............
...............
...............
...............
...............
...............
...............
slice #2:
...............
...............
...............
...............
...............
...............
.......7.......
......767......
.......7.......
...............
...............
...............
...............
...............
...............
slice #3:
...............
...............
...............
...............
...............
.......7.......
......767......
.....76567.....
......767......
.......7.......
...............
...............
...............
...............
...............
slice #4:
...............
...............
...............
...............
.......7.......
......767......
.....76567.....
....7654567....
.....76567.....
......767......
.......7.......
...............
...............
...............
...............
slice #5:
...............
...............
...............
.......7.......
......767......
.....76567.....
....7654567....
...765434567...
....7654567....
.....76567.....
......767......
.......7.......
...............
...............
...............
slice #6:
...............
...............
.......7.......
......767......
.....76567.....
....7654567....
...765434567...
..76543234567..
...765434567...
....7654567....
.....76567.....
......767......
.......7.......
...............
...............
slice #7:
...............
.......7.......
......767......
.....76567.....
....7654567....
...765434567...
..76543234567..
.7654321234567.
..76543234567..
...765434567...
....7654567....
.....76567.....
......767......
.......7.......
...............
slice #8:
.......7.......
......767......
.....76567.....
....7654567....
...765434567...
..76543234567..
.7654321234567.
765432101234567
.7654321234567.
..76543234567..
...765434567...
....7654567....
.....76567.....
......767......
.......7.......
slice #9:
...............
.......7.......
......767......
.....76567.....
....7654567....
...765434567...
..76543234567..
.7654321234567.
..76543234567..
...765434567...
....7654567....
.....76567.....
......767......
.......7.......
...............
slice #10:
...............
...............
.......7.......
......767......
.....76567.....
....7654567....
...765434567...
..76543234567..
...765434567...
....7654567....
.....76567.....
......767......
.......7.......
...............
...............
slice #11:
...............
...............
...............
.......7.......
......767......
.....76567.....
....7654567....
...765434567...
....7654567....
.....76567.....
......767......
.......7.......
...............
...............
...............
slice #12:
...............
...............
...............
...............
.......7.......
......767......
.....76567.....
....7654567....
.....76567.....
......767......
.......7.......
...............
...............
...............
...............
slice #13:
...............
...............
...............
...............
...............
.......7.......
......767......
.....76567.....
......767......
.......7.......
...............
...............
...............
...............
...............
slice #14:
...............
...............
...............
...............
...............
...............
.......7.......
......767......
.......7.......
...............
...............
...............
...............
...............
...............
slice #15:
...............
...............
...............
...............
...............
...............
...............
.......7.......
...............
...............
...............
...............
...............
...............
...............

Scenario #9:
slice #1:
.................
.................
.................
.................
.................
.................
.................
.................
........8........
.................
.................
.................
.................
.................
.................
.................
.................
slice #2:
.................
.................
.................
.................
.................
.................
.................
........8........
.......878.......
........8........
.................
.................
.................
.................
.................
.................
.................
slice #3:
.................
.................
.................
.................
.................
.................
........8........
.......878.......
......87678......
.......878.......
........8........
.................
.................
.................
.................
.................
.................
slice #4:
.................
.................
.................
.................
.................
........8........
.......878.......
......87678......
.....8765678.....
......87678......
.......878.......
........8........
.................
.................
.................
.................
.................
slice #5:
.................
.................
.................
.................
........8........
.......878.......
......87678......
.....8765678.....
....876545678....
.....8765678.....
......87678......
.......878.......
........8........
.................
.................
.................
.................
slice #6:
.................
.................
.................
........8........
.......878.......
......87678......
.....8765678.....
....876545678....
...87654345678...
....876545678....
.....8765678.....
......87678......
.......878.......
........8........
.................
.................
.................
slice #7:
.................
.................
........8........
.......878.......
......87678......
.....8765678.....
....876545678....
...87654345678...
..8765432345678..
...87654345678...
....876545678....
.....8765678.....
......87678......
.......878.......
........8........
.................
.................
slice #8:
.................
........8........
.......878.......
......87678......
.....8765678.....
....876545678....
...87654345678...
..8765432345678..
.876543212345678.
..8765432345678..
...87654345678...
....876545678....
.....8765678.....
......87678......
.......878.......
........8........
.................
slice #9:
........8........
.......878.......
......87678......
.....8765678.....
....876545678....
...87654345678...
..8765432345678..
.876543212345678.
87654321012345678
.876543212345678.
..8765432345678..
...87654345678...
....876545678....
.....8765678.....
......87678......
.......878.......
........8........
slice #10:
.................
........8........
.......878.......
......87678......
.....8765678.....
....876545678....
...87654345678...
..8765432345678..
.876543212345678.
..8765432345678..
...87654345678...
....876545678....
.....8765678.....
......87678......
.......878.......
........8........
.................
slice #11:
.................
.................
........8........
.......878.......
......87678......
.....8765678.....
....876545678....
...87654345678...
..8765432345678..
...87654345678...
....876545678....
.....8765678.....
......87678......
.......878.......
........8........
.................
.................
slice #12:
.................
.................
.................
........8........
.......878.......
......87678......
.....8765678.....
....876545678....
...87654345678...
....876545678....
.....8765678.....
......87678......
.......878.......
........8........
.................
.................
.................
slice #13:
.................
.................
.................
.................
........8........
.......878.......
......87678......
.....8765678.....
....876545678....
.....8765678.....
......87678......
.......878.......
........8........
.................
.................
.................
.................
slice #14:
.................
.................
.................
.................
.................
........8........
.......878.......
......87678......
.....8765678.....
......87678......
.......878.......
........8........
.................
.................
.................
.................
.................
slice #15:
.................
.................
.................
.................
.................
.................
........8........
.......878.......
......87678......
.......878.......
........8........
.................
.................
.................
.................
.................
.................
slice #16:
.................
.................
.................
.................
.................
.................
.................
........8........
.......878.......
........8........
.................
.................
.................
.................
.................
.................
.................
slice #17:
.................
.................
.................
.................
.................
.................
.................
.................
........8........
.................
.................
.................
.................
.................
.................
.................
.................

Scenario #10:
slice #1:
...................
...................
...................
...................
...................
...................
...................
...................
...................
.........9.........
...................
...................
...................
...................
...................
...................
...................
...................
...................
slice #2:
...................
...................
...................
...................
...................
...................
...................
...................
.........9.........
........989........
.........9.........
...................
...................
...................
...................
...................
...................
...................
...................
slice #3:
...................
...................
...................
...................
...................
...................
...................
.........9.........
........989........
.......98789.......
........989........
.........9.........
...................
...................
...................
...................
...................
...................
...................
slice #4:
...................
...................
...................
...................
...................
...................
.........9.........
........989........
.......98789.......
......9876789......
.......98789.......
........989........
.........9.........
...................
...................
...................
...................
...................
...................
slice #5:
...................
...................
...................
...................
...................
.........9.........
........989........
.......98789.......
......9876789......
.....987656789.....
......9876789......
.......98789.......
........989........
.........9.........
...................
...................
...................
...................
...................
slice #6:
...................
...................
...................
...................
.........9.........
........989........
.......98789.......
......9876789......
.....987656789.....
....98765456789....
.....987656789.....
......9876789......
.......98789.......
........989........
.........9.........
...................
...................
...................
...................
slice #7:
...................
...................
...................
.........9.........
........989........
.......98789.......
......9876789......
.....987656789.....
....98765456789....
...9876543456789...
....98765456789....
.....987656789.....
......9876789......
.......98789.......
........989........
.........9.........
...................
...................
...................
slice #8:
...................
...................
.........9.........
........989........
.......98789.......
......9876789......
.....987656789.....
....98765456789....
...9876543456789...
..987654323456789..
...9876543456789...
....98765456789....
.....987656789.....
......9876789......
.......98789.......
........989........
.........9.........
...................
...................
slice #9:
...................
.........9.........
........989........
.......98789.......
......9876789......
.....987656789.....
....98765456789....
...9876543456789...
..987654323456789..
.98765432123456789.
..987654323456789..
...9876543456789...
....98765456789....
.....987656789.....
......9876789......
.......98789.......
........989........
.........9.........
...................
slice #10:
.........9.........
........989........
.......98789.......
......9876789......
.....987656789.....
....98765456789....
...9876543456789...
..987654323456789..
.98765432123456789.
9876543210123456789
.98765432123456789.
..987654323456789..
...9876543456789...
....98765456789....
.....987656789.....
......9876789......
.......98789.......
........989........
.........9.........
slice #11:
...................
.........9.........
........989........
.......98789.......
......9876789......
.....987656789.....
....98765456789....
...9876543456789...
..987654323456789..
.98765432123456789.
..987654323456789..
...9876543456789...
....98765456789....
.....987656789.....
......9876789......
.......98789.......
........989........
.........9.........
...................
slice #12:
...................
...................
.........9.........
........989........
.......98789.......
......9876789......
.....987656789.....
....98765456789....
...9876543456789...
..987654323456789..
...9876543456789...
....98765456789....
.....987656789.....
......9876789......
.......98789.......
........989........
.........9.........
...................
...................
slice #13:
...................
...................
...................
.........9.........
........989........
.......98789.......
......9876789......
.....987656789.....
....98765456789....
...9876543456789...
....98765456789....
.....987656789.....
......9876789......
.......98789.......
........989........
.........9.........
...................
...................
...................
slice #14:
...................
...................
...................
...................
.........9.........
........989........
.......98789.......
......9876789......
.....987656789.....
....98765456789....
.....987656789.....
......9876789......
.......98789.......
........989........
.........9.........
...................
...................
...................
...................
slice #15:
...................
...................
...................
...................
...................
.........9.........
........989........
.......98789.......
......9876789......
.....987656789.....
......9876789......
.......98789.......
........989........
.........9.........
...................
...................
...................
...................
...................
slice #16:
...................
...................
...................
...................
...................
...................
.........9.........
........989........
.......98789.......
......9876789......
.......98789.......
........989........
.........9.........
...................
...................
...................
...................
...................
...................
slice #17:
...................
...................
...................
...................
...................
...................
...................
.........9.........
........989........
.......98789.......
........989........
.........9.........
...................
...................
...................
...................
...................
...................
...................
slice #18:
...................
...................
...................
...................
...................
...................
...................
...................
.........9.........
........989........
.........9.........
...................
...................
...................
...................
...................
...................
...................
...................
slice #19:
...................
...................
...................
...................
...................
...................
...................
...................
...................
.........9.........
...................
...................
...................
...................
...................
...................
...................
...................
...................

