Dialogue #1:
what do I do?
you like hotdogs, don't like to work, and smile.

who smiles?
everybody smiles.

what do you do?
I don't like to work, and smile.

does Joe smile?
yes, Joe smiles.

do I like to work?
no, you don't like to work.

who walks there?
I don't know.

who walks there?
Michal walks there.

what does Michal do?
Michal doesn't like to work, smiles, hurts sometimes, and walks there.

do you understand?
maybe.

do you understand now?
I am abroad.

bye!

Dialogue #2:
who likes to work?
I don't know.

who likes to work?
nobody likes to work.

huh!

Dialogue #3:
what do I do?
you come to CERC, see CERC, and win CERC.

veni vidi vici!

Dialogue #4:
do you run to Mexico?
yes, I run to Mexico.

what do I do?
you run to Mexico, and run too.

gotcha!

Dialogue #5:
who looks good?
you look good.

what do you do?
I know it, and don't dare to contradict.

what do I do?
you look good, know it, and don't dare to contradict.

I'm so handsome!

Dialogue #6:
who says Martin is handsome?
Terry says Martin is handsome.

who says Martin is handsome?
Terry and I say Martin is handsome.

who says Martin is handsome?
everybody says Martin is handsome.

what does Martin do?
Martin says Martin is handsome.

what a fable!

Dialogue #7:
who makes a noise?
I don't know.

who makes a noise?
you make a noise.

who makes a noise?
you and I make a noise.

who makes a noise?
everybody makes a noise.

what does Peter do?
Peter makes a noise.

what does Peter do?
I am abroad.

what a noise!

Dialogue #8:
do you talk?
maybe.

do you talk?
maybe.

do you talk?
no, I don't talk.

let's talk!

